<?xml version="1.0" encoding="utf-8"?>
<coverage line-rate="0.6178" branch-rate="0.5324" version="1.9" timestamp="1761039405" lines-covered="789" lines-valid="1277" branches-covered="205" branches-valid="385">
  <sources>
    <source>/home/rmondo/repos/TeaLauncher/</source>
  </sources>
  <packages>
    <package name="TeaLauncher.Avalonia" line-rate="0.6178" branch-rate="0.5324" complexity="455">
      <classes>
        <class name="CommandLauncher.CommandManager" filename="CommandLauncher/CommandManager.cs" line-rate="0.7469" branch-rate="0.6086" complexity="53">
          <methods>
            <method name="RegisterCommand" signature="(CommandLauncher.Command)" line-rate="1" branch-rate="1" complexity="2">
              <lines>
                <line number="74" hits="145" branch="False" />
                <line number="76" hits="145" branch="True" condition-coverage="100% (2/2)">
                  <conditions>
                    <condition number="42" type="jump" coverage="100%" />
                  </conditions>
                </line>
                <line number="77" hits="145" branch="False" />
                <line number="78" hits="429" branch="False" />
                <line number="79" hits="429" branch="False" />
                <line number="80" hits="429" branch="False" />
                <line number="81" hits="145" branch="False" />
                <line number="82" hits="145" branch="False" />
                <line number="83" hits="145" branch="False" />
                <line number="84" hits="145" branch="False" />
                <line number="85" hits="145" branch="False" />
                <line number="86" hits="145" branch="False" />
                <line number="87" hits="145" branch="False" />
              </lines>
            </method>
            <method name="RemoveCommand" signature="(System.String)" line-rate="0" branch-rate="0" complexity="2">
              <lines>
                <line number="90" hits="0" branch="False" />
                <line number="91" hits="0" branch="False" />
                <line number="94" hits="0" branch="False" />
                <line number="95" hits="0" branch="False" />
                <line number="96" hits="0" branch="False" />
                <line number="97" hits="0" branch="True" condition-coverage="0% (0/2)">
                  <conditions>
                    <condition number="20" type="jump" coverage="0%" />
                  </conditions>
                </line>
                <line number="98" hits="0" branch="False" />
                <line number="99" hits="0" branch="False" />
                <line number="100" hits="0" branch="False" />
                <line number="101" hits="0" branch="False" />
                <line number="102" hits="0" branch="False" />
                <line number="103" hits="0" branch="False" />
                <line number="104" hits="0" branch="False" />
              </lines>
            </method>
            <method name="IsPath" signature="(System.String)" line-rate="0.7142000000000001" branch-rate="0.5832999999999999" complexity="12">
              <lines>
                <line number="107" hits="16" branch="False" />
                <line number="110" hits="16" branch="True" condition-coverage="50% (1/2)">
                  <conditions>
                    <condition number="14" type="jump" coverage="50%" />
                  </conditions>
                </line>
                <line number="111" hits="0" branch="False" />
                <line number="112" hits="16" branch="True" condition-coverage="50% (1/2)">
                  <conditions>
                    <condition number="33" type="jump" coverage="50%" />
                  </conditions>
                </line>
                <line number="113" hits="0" branch="False" />
                <line number="114" hits="16" branch="True" condition-coverage="50% (1/2)">
                  <conditions>
                    <condition number="52" type="jump" coverage="50%" />
                  </conditions>
                </line>
                <line number="115" hits="0" branch="False" />
                <line number="116" hits="16" branch="True" condition-coverage="100% (2/2)">
                  <conditions>
                    <condition number="74" type="jump" coverage="100%" />
                  </conditions>
                </line>
                <line number="117" hits="16" branch="False" />
                <line number="119" hits="16" branch="True" condition-coverage="50% (2/4)">
                  <conditions>
                    <condition number="86" type="jump" coverage="50%" />
                    <condition number="106" type="jump" coverage="50%" />
                  </conditions>
                </line>
                <line number="120" hits="0" branch="False" />
                <line number="121" hits="16" branch="False" />
                <line number="123" hits="16" branch="False" />
                <line number="124" hits="16" branch="False" />
              </lines>
            </method>
            <method name="IsSpecialCommand" signature="(System.String)" line-rate="1" branch-rate="1" complexity="4">
              <lines>
                <line number="127" hits="7" branch="False" />
                <line number="128" hits="7" branch="True" condition-coverage="100% (2/2)">
                  <conditions>
                    <condition number="15" type="jump" coverage="100%" />
                  </conditions>
                </line>
                <line number="129" hits="7" branch="True" condition-coverage="100% (2/2)">
                  <conditions>
                    <condition number="30" type="jump" coverage="100%" />
                  </conditions>
                </line>
                <line number="130" hits="5" branch="False" />
                <line number="132" hits="2" branch="False" />
                <line number="133" hits="7" branch="False" />
              </lines>
            </method>
            <method name="Run" signature="(System.String)" line-rate="0.8856999999999999" branch-rate="0.75" complexity="4">
              <lines>
                <line number="136" hits="7" branch="False" />
                <line number="137" hits="7" branch="False" />
                <line number="141" hits="7" branch="True" condition-coverage="50% (1/2)">
                  <conditions>
                    <condition number="11" type="jump" coverage="50%" />
                  </conditions>
                </line>
                <line number="142" hits="0" branch="False" />
                <line number="144" hits="0" branch="False" />
                <line number="145" hits="0" branch="False" />
                <line number="146" hits="0" branch="False" />
                <line number="148" hits="7" branch="False" />
                <line number="150" hits="7" branch="False" />
                <line number="153" hits="7" branch="False" />
                <line number="154" hits="7" branch="False" />
                <line number="155" hits="30" branch="False" />
                <line number="156" hits="30" branch="False" />
                <line number="157" hits="30" branch="False" />
                <line number="158" hits="7" branch="False" />
                <line number="160" hits="7" branch="False" />
                <line number="161" hits="7" branch="False" />
                <line number="162" hits="7" branch="False" />
                <line number="164" hits="7" branch="True" condition-coverage="100% (2/2)">
                  <conditions>
                    <condition number="180" type="jump" coverage="100%" />
                  </conditions>
                </line>
                <line number="165" hits="5" branch="False" />
                <line number="166" hits="5" branch="False" />
                <line number="167" hits="5" branch="False" />
                <line number="168" hits="5" branch="False" />
                <line number="170" hits="2" branch="False" />
                <line number="171" hits="2" branch="False" />
                <line number="174" hits="2" branch="False" />
                <line number="175" hits="2" branch="False" />
                <line number="176" hits="2" branch="False" />
                <line number="177" hits="2" branch="False" />
                <line number="178" hits="2" branch="False" />
                <line number="179" hits="2" branch="False" />
                <line number="180" hits="2" branch="False" />
                <line number="181" hits="2" branch="False" />
                <line number="182" hits="7" branch="False" />
                <line number="183" hits="7" branch="False" />
              </lines>
            </method>
            <method name="RunSpecialCommand" signature="(System.String)" line-rate="0.8181" branch-rate="0.8332999999999999" complexity="6">
              <lines>
                <line number="186" hits="5" branch="False" />
                <line number="187" hits="5" branch="True" condition-coverage="83.33% (5/6)">
                  <conditions>
                    <condition number="16" type="jump" coverage="100%" />
                    <condition number="29" type="jump" coverage="100%" />
                    <condition number="42" type="jump" coverage="50%" />
                  </conditions>
                </line>
                <line number="190" hits="3" branch="False" />
                <line number="191" hits="3" branch="False" />
                <line number="193" hits="1" branch="False" />
                <line number="194" hits="1" branch="False" />
                <line number="196" hits="1" branch="False" />
                <line number="197" hits="1" branch="False" />
                <line number="199" hits="0" branch="False" />
                <line number="200" hits="0" branch="False" />
                <line number="202" hits="5" branch="False" />
              </lines>
            </method>
            <method name="Split" signature="(System.String)" line-rate="0.5" branch-rate="0.41659999999999997" complexity="12">
              <lines>
                <line number="205" hits="51" branch="False" />
                <line number="206" hits="51" branch="False" />
                <line number="208" hits="51" branch="False" />
                <line number="209" hits="51" branch="False" />
                <line number="210" hits="1058" branch="True" condition-coverage="100% (2/2)">
                  <conditions>
                    <condition number="165" type="jump" coverage="100%" />
                  </conditions>
                </line>
                <line number="211" hits="478" branch="False" />
                <line number="212" hits="478" branch="True" condition-coverage="50% (3/6)">
                  <conditions>
                    <condition number="40" type="jump" coverage="50%" />
                    <condition number="48" type="jump" coverage="50%" />
                    <condition number="56" type="jump" coverage="50%" />
                  </conditions>
                </line>
                <line number="215" hits="0" branch="True" condition-coverage="0% (0/2)">
                  <conditions>
                    <condition number="68" type="jump" coverage="0%" />
                  </conditions>
                </line>
                <line number="216" hits="0" branch="False" />
                <line number="217" hits="0" branch="False" />
                <line number="218" hits="0" branch="False" />
                <line number="219" hits="0" branch="False" />
                <line number="221" hits="0" branch="False" />
                <line number="222" hits="0" branch="False" />
                <line number="223" hits="0" branch="False" />
                <line number="224" hits="0" branch="False" />
                <line number="228" hits="0" branch="True" condition-coverage="0% (0/2)">
                  <conditions>
                    <condition number="112" type="jump" coverage="0%" />
                  </conditions>
                </line>
                <line number="229" hits="0" branch="False" />
                <line number="231" hits="0" branch="False" />
                <line number="232" hits="0" branch="False" />
                <line number="235" hits="478" branch="False" />
                <line number="236" hits="478" branch="False" />
                <line number="238" hits="478" branch="False" />
                <line number="240" hits="51" branch="False" />
                <line number="242" hits="51" branch="False" />
                <line number="243" hits="51" branch="False" />
              </lines>
            </method>
            <method name="GetExecution" signature="(System.String)" line-rate="0.8332999999999999" branch-rate="0.5" complexity="2">
              <lines>
                <line number="246" hits="37" branch="False" />
                <line number="247" hits="37" branch="False" />
                <line number="248" hits="37" branch="True" condition-coverage="50% (1/2)">
                  <conditions>
                    <condition number="23" type="jump" coverage="50%" />
                  </conditions>
                </line>
                <line number="249" hits="37" branch="False" />
                <line number="251" hits="0" branch="False" />
                <line number="252" hits="37" branch="False" />
              </lines>
            </method>
            <method name="GetArguments" signature="(System.String)" line-rate="1" branch-rate="1" complexity="1">
              <lines>
                <line number="255" hits="14" branch="False" />
                <line number="256" hits="14" branch="False" />
                <line number="257" hits="14" branch="False" />
                <line number="258" hits="14" branch="False" />
                <line number="259" hits="14" branch="False" />
              </lines>
            </method>
            <method name="HasCommand" signature="(System.String)" line-rate="0.8332999999999999" branch-rate="0.5" complexity="2">
              <lines>
                <line number="262" hits="9" branch="False" />
                <line number="263" hits="9" branch="True" condition-coverage="50% (1/2)">
                  <conditions>
                    <condition number="10" type="jump" coverage="50%" />
                  </conditions>
                </line>
                <line number="264" hits="0" branch="False" />
                <line number="265" hits="9" branch="False" />
                <line number="266" hits="9" branch="False" />
                <line number="267" hits="9" branch="False" />
              </lines>
            </method>
            <method name="ClearCommands" signature="()" line-rate="1" branch-rate="1" complexity="1">
              <lines>
                <line number="270" hits="23" branch="False" />
                <line number="271" hits="23" branch="False" />
                <line number="272" hits="23" branch="False" />
                <line number="273" hits="23" branch="False" />
              </lines>
            </method>
            <method name="RequestReinitialize" signature="()" line-rate="1" branch-rate="1" complexity="1">
              <lines>
                <line number="276" hits="3" branch="False" />
                <line number="278" hits="3" branch="False" />
                <line number="279" hits="3" branch="False" />
              </lines>
            </method>
            <method name="RequestExitApplication" signature="()" line-rate="1" branch-rate="1" complexity="1">
              <lines>
                <line number="282" hits="1" branch="False" />
                <line number="284" hits="1" branch="False" />
                <line number="285" hits="1" branch="False" />
              </lines>
            </method>
            <method name="RequestShowVersionInfo" signature="()" line-rate="1" branch-rate="1" complexity="1">
              <lines>
                <line number="288" hits="1" branch="False" />
                <line number="290" hits="1" branch="False" />
                <line number="291" hits="1" branch="False" />
              </lines>
            </method>
            <method name="RequestShowError" signature="(System.String)" line-rate="0" branch-rate="1" complexity="1">
              <lines>
                <line number="294" hits="0" branch="False" />
                <line number="296" hits="0" branch="False" />
                <line number="297" hits="0" branch="False" />
              </lines>
            </method>
            <method name=".ctor" signature="(CommandLauncher.ICommandManagerInitializer,CommandLauncher.ICommandManagerFinalizer,CommandLauncher.ICommandManagerDialogShower)" line-rate="1" branch-rate="1" complexity="1">
              <lines>
                <line number="56" hits="19" branch="False" />
                <line number="62" hits="19" branch="False" />
                <line number="63" hits="19" branch="False" />
                <line number="64" hits="19" branch="False" />
                <line number="65" hits="19" branch="False" />
                <line number="66" hits="19" branch="False" />
                <line number="67" hits="19" branch="False" />
                <line number="68" hits="19" branch="False" />
                <line number="69" hits="19" branch="False" />
                <line number="70" hits="19" branch="False" />
                <line number="71" hits="19" branch="False" />
              </lines>
            </method>
          </methods>
          <lines>
            <line number="74" hits="145" branch="False" />
            <line number="76" hits="145" branch="True" condition-coverage="100% (2/2)">
              <conditions>
                <condition number="42" type="jump" coverage="100%" />
              </conditions>
            </line>
            <line number="77" hits="145" branch="False" />
            <line number="78" hits="429" branch="False" />
            <line number="79" hits="429" branch="False" />
            <line number="80" hits="429" branch="False" />
            <line number="81" hits="145" branch="False" />
            <line number="82" hits="145" branch="False" />
            <line number="83" hits="145" branch="False" />
            <line number="84" hits="145" branch="False" />
            <line number="85" hits="145" branch="False" />
            <line number="86" hits="145" branch="False" />
            <line number="87" hits="145" branch="False" />
            <line number="90" hits="0" branch="False" />
            <line number="91" hits="0" branch="False" />
            <line number="94" hits="0" branch="False" />
            <line number="95" hits="0" branch="False" />
            <line number="96" hits="0" branch="False" />
            <line number="97" hits="0" branch="True" condition-coverage="0% (0/2)">
              <conditions>
                <condition number="20" type="jump" coverage="0%" />
              </conditions>
            </line>
            <line number="98" hits="0" branch="False" />
            <line number="99" hits="0" branch="False" />
            <line number="100" hits="0" branch="False" />
            <line number="101" hits="0" branch="False" />
            <line number="102" hits="0" branch="False" />
            <line number="103" hits="0" branch="False" />
            <line number="104" hits="0" branch="False" />
            <line number="107" hits="16" branch="False" />
            <line number="110" hits="16" branch="True" condition-coverage="50% (1/2)">
              <conditions>
                <condition number="14" type="jump" coverage="50%" />
              </conditions>
            </line>
            <line number="111" hits="0" branch="False" />
            <line number="112" hits="16" branch="True" condition-coverage="50% (1/2)">
              <conditions>
                <condition number="33" type="jump" coverage="50%" />
              </conditions>
            </line>
            <line number="113" hits="0" branch="False" />
            <line number="114" hits="16" branch="True" condition-coverage="50% (1/2)">
              <conditions>
                <condition number="52" type="jump" coverage="50%" />
              </conditions>
            </line>
            <line number="115" hits="0" branch="False" />
            <line number="116" hits="16" branch="True" condition-coverage="100% (2/2)">
              <conditions>
                <condition number="74" type="jump" coverage="100%" />
              </conditions>
            </line>
            <line number="117" hits="16" branch="False" />
            <line number="119" hits="16" branch="True" condition-coverage="50% (2/4)">
              <conditions>
                <condition number="86" type="jump" coverage="50%" />
                <condition number="106" type="jump" coverage="50%" />
              </conditions>
            </line>
            <line number="120" hits="0" branch="False" />
            <line number="121" hits="16" branch="False" />
            <line number="123" hits="16" branch="False" />
            <line number="124" hits="16" branch="False" />
            <line number="127" hits="7" branch="False" />
            <line number="128" hits="7" branch="True" condition-coverage="100% (2/2)">
              <conditions>
                <condition number="15" type="jump" coverage="100%" />
              </conditions>
            </line>
            <line number="129" hits="7" branch="True" condition-coverage="100% (2/2)">
              <conditions>
                <condition number="30" type="jump" coverage="100%" />
              </conditions>
            </line>
            <line number="130" hits="5" branch="False" />
            <line number="132" hits="2" branch="False" />
            <line number="133" hits="7" branch="False" />
            <line number="136" hits="7" branch="False" />
            <line number="137" hits="7" branch="False" />
            <line number="141" hits="7" branch="True" condition-coverage="50% (1/2)">
              <conditions>
                <condition number="11" type="jump" coverage="50%" />
              </conditions>
            </line>
            <line number="142" hits="0" branch="False" />
            <line number="144" hits="0" branch="False" />
            <line number="145" hits="0" branch="False" />
            <line number="146" hits="0" branch="False" />
            <line number="148" hits="7" branch="False" />
            <line number="150" hits="7" branch="False" />
            <line number="153" hits="7" branch="False" />
            <line number="154" hits="7" branch="False" />
            <line number="155" hits="30" branch="False" />
            <line number="156" hits="30" branch="False" />
            <line number="157" hits="30" branch="False" />
            <line number="158" hits="7" branch="False" />
            <line number="160" hits="7" branch="False" />
            <line number="161" hits="7" branch="False" />
            <line number="162" hits="7" branch="False" />
            <line number="164" hits="7" branch="True" condition-coverage="100% (2/2)">
              <conditions>
                <condition number="180" type="jump" coverage="100%" />
              </conditions>
            </line>
            <line number="165" hits="5" branch="False" />
            <line number="166" hits="5" branch="False" />
            <line number="167" hits="5" branch="False" />
            <line number="168" hits="5" branch="False" />
            <line number="170" hits="2" branch="False" />
            <line number="171" hits="2" branch="False" />
            <line number="174" hits="2" branch="False" />
            <line number="175" hits="2" branch="False" />
            <line number="176" hits="2" branch="False" />
            <line number="177" hits="2" branch="False" />
            <line number="178" hits="2" branch="False" />
            <line number="179" hits="2" branch="False" />
            <line number="180" hits="2" branch="False" />
            <line number="181" hits="2" branch="False" />
            <line number="182" hits="7" branch="False" />
            <line number="183" hits="7" branch="False" />
            <line number="186" hits="5" branch="False" />
            <line number="187" hits="5" branch="True" condition-coverage="83.33% (5/6)">
              <conditions>
                <condition number="16" type="jump" coverage="100%" />
                <condition number="29" type="jump" coverage="100%" />
                <condition number="42" type="jump" coverage="50%" />
              </conditions>
            </line>
            <line number="190" hits="3" branch="False" />
            <line number="191" hits="3" branch="False" />
            <line number="193" hits="1" branch="False" />
            <line number="194" hits="1" branch="False" />
            <line number="196" hits="1" branch="False" />
            <line number="197" hits="1" branch="False" />
            <line number="199" hits="0" branch="False" />
            <line number="200" hits="0" branch="False" />
            <line number="202" hits="5" branch="False" />
            <line number="205" hits="51" branch="False" />
            <line number="206" hits="51" branch="False" />
            <line number="208" hits="51" branch="False" />
            <line number="209" hits="51" branch="False" />
            <line number="210" hits="1058" branch="True" condition-coverage="100% (2/2)">
              <conditions>
                <condition number="165" type="jump" coverage="100%" />
              </conditions>
            </line>
            <line number="211" hits="478" branch="False" />
            <line number="212" hits="478" branch="True" condition-coverage="50% (3/6)">
              <conditions>
                <condition number="40" type="jump" coverage="50%" />
                <condition number="48" type="jump" coverage="50%" />
                <condition number="56" type="jump" coverage="50%" />
              </conditions>
            </line>
            <line number="215" hits="0" branch="True" condition-coverage="0% (0/2)">
              <conditions>
                <condition number="68" type="jump" coverage="0%" />
              </conditions>
            </line>
            <line number="216" hits="0" branch="False" />
            <line number="217" hits="0" branch="False" />
            <line number="218" hits="0" branch="False" />
            <line number="219" hits="0" branch="False" />
            <line number="221" hits="0" branch="False" />
            <line number="222" hits="0" branch="False" />
            <line number="223" hits="0" branch="False" />
            <line number="224" hits="0" branch="False" />
            <line number="228" hits="0" branch="True" condition-coverage="0% (0/2)">
              <conditions>
                <condition number="112" type="jump" coverage="0%" />
              </conditions>
            </line>
            <line number="229" hits="0" branch="False" />
            <line number="231" hits="0" branch="False" />
            <line number="232" hits="0" branch="False" />
            <line number="235" hits="478" branch="False" />
            <line number="236" hits="478" branch="False" />
            <line number="238" hits="478" branch="False" />
            <line number="240" hits="51" branch="False" />
            <line number="242" hits="51" branch="False" />
            <line number="243" hits="51" branch="False" />
            <line number="246" hits="37" branch="False" />
            <line number="247" hits="37" branch="False" />
            <line number="248" hits="37" branch="True" condition-coverage="50% (1/2)">
              <conditions>
                <condition number="23" type="jump" coverage="50%" />
              </conditions>
            </line>
            <line number="249" hits="37" branch="False" />
            <line number="251" hits="0" branch="False" />
            <line number="252" hits="37" branch="False" />
            <line number="255" hits="14" branch="False" />
            <line number="256" hits="14" branch="False" />
            <line number="257" hits="14" branch="False" />
            <line number="258" hits="14" branch="False" />
            <line number="259" hits="14" branch="False" />
            <line number="262" hits="9" branch="False" />
            <line number="263" hits="9" branch="True" condition-coverage="50% (1/2)">
              <conditions>
                <condition number="10" type="jump" coverage="50%" />
              </conditions>
            </line>
            <line number="264" hits="0" branch="False" />
            <line number="265" hits="9" branch="False" />
            <line number="266" hits="9" branch="False" />
            <line number="267" hits="9" branch="False" />
            <line number="270" hits="23" branch="False" />
            <line number="271" hits="23" branch="False" />
            <line number="272" hits="23" branch="False" />
            <line number="273" hits="23" branch="False" />
            <line number="276" hits="3" branch="False" />
            <line number="278" hits="3" branch="False" />
            <line number="279" hits="3" branch="False" />
            <line number="282" hits="1" branch="False" />
            <line number="284" hits="1" branch="False" />
            <line number="285" hits="1" branch="False" />
            <line number="288" hits="1" branch="False" />
            <line number="290" hits="1" branch="False" />
            <line number="291" hits="1" branch="False" />
            <line number="294" hits="0" branch="False" />
            <line number="296" hits="0" branch="False" />
            <line number="297" hits="0" branch="False" />
            <line number="56" hits="19" branch="False" />
            <line number="62" hits="19" branch="False" />
            <line number="63" hits="19" branch="False" />
            <line number="64" hits="19" branch="False" />
            <line number="65" hits="19" branch="False" />
            <line number="66" hits="19" branch="False" />
            <line number="67" hits="19" branch="False" />
            <line number="68" hits="19" branch="False" />
            <line number="69" hits="19" branch="False" />
            <line number="70" hits="19" branch="False" />
            <line number="71" hits="19" branch="False" />
          </lines>
        </class>
        <class name="CommandLauncher.AutoCompleteMachine" filename="CommandLauncher/AutoCompleteMachine.cs" line-rate="0.8461" branch-rate="0.75" complexity="21">
          <methods>
            <method name="RegisterWord" signature="(System.String)" line-rate="0.8" branch-rate="0.5" complexity="2">
              <lines>
                <line number="36" hits="145" branch="False" />
                <line number="38" hits="145" branch="True" condition-coverage="50% (1/2)">
                  <conditions>
                    <condition number="10" type="jump" coverage="50%" />
                  </conditions>
                </line>
                <line number="39" hits="0" branch="False" />
                <line number="41" hits="145" branch="False" />
                <line number="42" hits="145" branch="False" />
              </lines>
            </method>
            <method name="RemoveWord" signature="(System.String)" line-rate="0" branch-rate="0" complexity="2">
              <lines>
                <line number="45" hits="0" branch="False" />
                <line number="47" hits="0" branch="True" condition-coverage="0% (0/2)">
                  <conditions>
                    <condition number="13" type="jump" coverage="0%" />
                  </conditions>
                </line>
                <line number="48" hits="0" branch="False" />
                <line number="50" hits="0" branch="False" />
                <line number="51" hits="0" branch="False" />
              </lines>
            </method>
            <method name="ClearWords" signature="()" line-rate="1" branch-rate="1" complexity="1">
              <lines>
                <line number="54" hits="23" branch="False" />
                <line number="55" hits="23" branch="False" />
                <line number="56" hits="23" branch="False" />
              </lines>
            </method>
            <method name="AutoCompleteWord" signature="(System.String)" line-rate="0.9677" branch-rate="0.9166" complexity="12">
              <lines>
                <line number="59" hits="2" branch="False" />
                <line number="60" hits="2" branch="False" />
                <line number="62" hits="2" branch="True" condition-coverage="50% (1/2)">
                  <conditions>
                    <condition number="20" type="jump" coverage="50%" />
                  </conditions>
                </line>
                <line number="63" hits="0" branch="False" />
                <line number="66" hits="2" branch="False" />
                <line number="67" hits="2" branch="False" />
                <line number="68" hits="2" branch="False" />
                <line number="70" hits="2" branch="False" />
                <line number="71" hits="2" branch="False" />
                <line number="72" hits="52" branch="True" condition-coverage="100% (2/2)">
                  <conditions>
                    <condition number="195" type="jump" coverage="100%" />
                  </conditions>
                </line>
                <line number="73" hits="24" branch="False" />
                <line number="74" hits="24" branch="False" />
                <line number="75" hits="24" branch="False" />
                <line number="76" hits="216" branch="True" condition-coverage="100% (2/2)">
                  <conditions>
                    <condition number="141" type="jump" coverage="100%" />
                  </conditions>
                </line>
                <line number="77" hits="72" branch="False" />
                <line number="78" hits="72" branch="True" condition-coverage="100% (2/2)">
                  <conditions>
                    <condition number="126" type="jump" coverage="100%" />
                  </conditions>
                </line>
                <line number="79" hits="28" branch="False" />
                <line number="80" hits="28" branch="False" />
                <line number="81" hits="28" branch="False" />
                <line number="82" hits="72" branch="False" />
                <line number="83" hits="24" branch="True" condition-coverage="100% (2/2)">
                  <conditions>
                    <condition number="166" type="jump" coverage="100%" />
                  </conditions>
                </line>
                <line number="84" hits="10" branch="False" />
                <line number="85" hits="24" branch="False" />
                <line number="86" hits="2" branch="False" />
                <line number="88" hits="2" branch="False" />
                <line number="89" hits="24" branch="True" condition-coverage="100% (2/2)">
                  <conditions>
                    <condition number="257" type="jump" coverage="100%" />
                  </conditions>
                </line>
                <line number="90" hits="10" branch="False" />
                <line number="91" hits="10" branch="False" />
                <line number="92" hits="10" branch="False" />
                <line number="94" hits="2" branch="False" />
                <line number="96" hits="2" branch="False" />
              </lines>
            </method>
            <method name="GetCandidates" signature="(System.String)" line-rate="1" branch-rate="1" complexity="1">
              <lines>
                <line number="99" hits="4" branch="False" />
                <line number="101" hits="4" branch="False" />
                <line number="102" hits="4" branch="False" />
                <line number="103" hits="28" branch="False" />
                <line number="104" hits="28" branch="False" />
                <line number="105" hits="28" branch="False" />
                <line number="106" hits="4" branch="False" />
                <line number="108" hits="4" branch="False" />
                <line number="109" hits="4" branch="False" />
              </lines>
            </method>
            <method name="HasItem" signature="(System.String)" line-rate="1" branch-rate="1" complexity="1">
              <lines>
                <line number="112" hits="154" branch="False" />
                <line number="113" hits="154" branch="False" />
                <line number="114" hits="154" branch="False" />
                <line number="115" hits="473" branch="False" />
                <line number="116" hits="473" branch="False" />
                <line number="117" hits="473" branch="False" />
                <line number="118" hits="154" branch="False" />
                <line number="119" hits="154" branch="False" />
              </lines>
            </method>
            <method name="GetNumOfWords" signature="()" line-rate="0" branch-rate="1" complexity="1">
              <lines>
                <line number="122" hits="0" branch="False" />
                <line number="123" hits="0" branch="False" />
                <line number="124" hits="0" branch="False" />
              </lines>
            </method>
            <method name=".ctor" signature="()" line-rate="1" branch-rate="1" complexity="1">
              <lines>
                <line number="33" hits="19" branch="False" />
              </lines>
            </method>
          </methods>
          <lines>
            <line number="36" hits="145" branch="False" />
            <line number="38" hits="145" branch="True" condition-coverage="50% (1/2)">
              <conditions>
                <condition number="10" type="jump" coverage="50%" />
              </conditions>
            </line>
            <line number="39" hits="0" branch="False" />
            <line number="41" hits="145" branch="False" />
            <line number="42" hits="145" branch="False" />
            <line number="45" hits="0" branch="False" />
            <line number="47" hits="0" branch="True" condition-coverage="0% (0/2)">
              <conditions>
                <condition number="13" type="jump" coverage="0%" />
              </conditions>
            </line>
            <line number="48" hits="0" branch="False" />
            <line number="50" hits="0" branch="False" />
            <line number="51" hits="0" branch="False" />
            <line number="54" hits="23" branch="False" />
            <line number="55" hits="23" branch="False" />
            <line number="56" hits="23" branch="False" />
            <line number="59" hits="2" branch="False" />
            <line number="60" hits="2" branch="False" />
            <line number="62" hits="2" branch="True" condition-coverage="50% (1/2)">
              <conditions>
                <condition number="20" type="jump" coverage="50%" />
              </conditions>
            </line>
            <line number="63" hits="0" branch="False" />
            <line number="66" hits="2" branch="False" />
            <line number="67" hits="2" branch="False" />
            <line number="68" hits="2" branch="False" />
            <line number="70" hits="2" branch="False" />
            <line number="71" hits="2" branch="False" />
            <line number="72" hits="52" branch="True" condition-coverage="100% (2/2)">
              <conditions>
                <condition number="195" type="jump" coverage="100%" />
              </conditions>
            </line>
            <line number="73" hits="24" branch="False" />
            <line number="74" hits="24" branch="False" />
            <line number="75" hits="24" branch="False" />
            <line number="76" hits="216" branch="True" condition-coverage="100% (2/2)">
              <conditions>
                <condition number="141" type="jump" coverage="100%" />
              </conditions>
            </line>
            <line number="77" hits="72" branch="False" />
            <line number="78" hits="72" branch="True" condition-coverage="100% (2/2)">
              <conditions>
                <condition number="126" type="jump" coverage="100%" />
              </conditions>
            </line>
            <line number="79" hits="28" branch="False" />
            <line number="80" hits="28" branch="False" />
            <line number="81" hits="28" branch="False" />
            <line number="82" hits="72" branch="False" />
            <line number="83" hits="24" branch="True" condition-coverage="100% (2/2)">
              <conditions>
                <condition number="166" type="jump" coverage="100%" />
              </conditions>
            </line>
            <line number="84" hits="10" branch="False" />
            <line number="85" hits="24" branch="False" />
            <line number="86" hits="2" branch="False" />
            <line number="88" hits="2" branch="False" />
            <line number="89" hits="24" branch="True" condition-coverage="100% (2/2)">
              <conditions>
                <condition number="257" type="jump" coverage="100%" />
              </conditions>
            </line>
            <line number="90" hits="10" branch="False" />
            <line number="91" hits="10" branch="False" />
            <line number="92" hits="10" branch="False" />
            <line number="94" hits="2" branch="False" />
            <line number="96" hits="2" branch="False" />
            <line number="99" hits="4" branch="False" />
            <line number="101" hits="4" branch="False" />
            <line number="102" hits="4" branch="False" />
            <line number="103" hits="28" branch="False" />
            <line number="104" hits="28" branch="False" />
            <line number="105" hits="28" branch="False" />
            <line number="106" hits="4" branch="False" />
            <line number="108" hits="4" branch="False" />
            <line number="109" hits="4" branch="False" />
            <line number="112" hits="154" branch="False" />
            <line number="113" hits="154" branch="False" />
            <line number="114" hits="154" branch="False" />
            <line number="115" hits="473" branch="False" />
            <line number="116" hits="473" branch="False" />
            <line number="117" hits="473" branch="False" />
            <line number="118" hits="154" branch="False" />
            <line number="119" hits="154" branch="False" />
            <line number="122" hits="0" branch="False" />
            <line number="123" hits="0" branch="False" />
            <line number="124" hits="0" branch="False" />
            <line number="33" hits="19" branch="False" />
          </lines>
        </class>
        <class name="TeaLauncher.Avalonia.App" filename="TeaLauncher.Avalonia/App.axaml.cs" line-rate="0" branch-rate="0" complexity="10">
          <methods>
            <method name="get_ServiceProvider" signature="()" line-rate="0" branch-rate="1" complexity="1">
              <lines>
                <line number="37" hits="0" branch="False" />
              </lines>
            </method>
            <method name="Initialize" signature="()" line-rate="0" branch-rate="1" complexity="1">
              <lines>
                <line number="40" hits="0" branch="False" />
                <line number="41" hits="0" branch="False" />
                <line number="42" hits="0" branch="False" />
              </lines>
            </method>
            <method name="OnFrameworkInitializationCompleted" signature="()" line-rate="0" branch-rate="0" complexity="8">
              <lines>
                <line number="45" hits="0" branch="False" />
                <line number="46" hits="0" branch="True" condition-coverage="0% (0/2)">
                  <conditions>
                    <condition number="19" type="jump" coverage="0%" />
                  </conditions>
                </line>
                <line number="47" hits="0" branch="False" />
                <line number="51" hits="0" branch="False" />
                <line number="53" hits="0" branch="True" condition-coverage="0% (0/4)">
                  <conditions>
                    <condition number="34" type="jump" coverage="0%" />
                    <condition number="51" type="jump" coverage="0%" />
                  </conditions>
                </line>
                <line number="54" hits="0" branch="False" />
                <line number="55" hits="0" branch="False" />
                <line number="56" hits="0" branch="False" />
                <line number="60" hits="0" branch="True" condition-coverage="0% (0/2)">
                  <conditions>
                    <condition number="76" type="jump" coverage="0%" />
                  </conditions>
                </line>
                <line number="61" hits="0" branch="False" />
                <line number="62" hits="0" branch="False" />
                <line number="63" hits="0" branch="False" />
                <line number="65" hits="0" branch="False" />
                <line number="69" hits="0" branch="False" />
                <line number="70" hits="0" branch="False" />
                <line number="71" hits="0" branch="False" />
                <line number="73" hits="0" branch="False" />
                <line number="74" hits="0" branch="False" />
              </lines>
            </method>
          </methods>
          <lines>
            <line number="37" hits="0" branch="False" />
            <line number="40" hits="0" branch="False" />
            <line number="41" hits="0" branch="False" />
            <line number="42" hits="0" branch="False" />
            <line number="45" hits="0" branch="False" />
            <line number="46" hits="0" branch="True" condition-coverage="0% (0/2)">
              <conditions>
                <condition number="19" type="jump" coverage="0%" />
              </conditions>
            </line>
            <line number="47" hits="0" branch="False" />
            <line number="51" hits="0" branch="False" />
            <line number="53" hits="0" branch="True" condition-coverage="0% (0/4)">
              <conditions>
                <condition number="34" type="jump" coverage="0%" />
                <condition number="51" type="jump" coverage="0%" />
              </conditions>
            </line>
            <line number="54" hits="0" branch="False" />
            <line number="55" hits="0" branch="False" />
            <line number="56" hits="0" branch="False" />
            <line number="60" hits="0" branch="True" condition-coverage="0% (0/2)">
              <conditions>
                <condition number="76" type="jump" coverage="0%" />
              </conditions>
            </line>
            <line number="61" hits="0" branch="False" />
            <line number="62" hits="0" branch="False" />
            <line number="63" hits="0" branch="False" />
            <line number="65" hits="0" branch="False" />
            <line number="69" hits="0" branch="False" />
            <line number="70" hits="0" branch="False" />
            <line number="71" hits="0" branch="False" />
            <line number="73" hits="0" branch="False" />
            <line number="74" hits="0" branch="False" />
          </lines>
        </class>
        <class name="TeaLauncher.Avalonia.App" filename="TeaLauncher.Avalonia/App.axaml" line-rate="0" branch-rate="0" complexity="2">
          <methods>
            <method name="!XamlIlPopulate" signature="(System.IServiceProvider,TeaLauncher.Avalonia.App)" line-rate="0" branch-rate="0" complexity="2">
              <lines>
                <line number="1" hits="0" branch="True" condition-coverage="0% (0/2)">
                  <conditions>
                    <condition number="98" type="jump" coverage="0%" />
                  </conditions>
                </line>
                <line number="4" hits="0" branch="False" />
                <line number="6" hits="0" branch="False" />
              </lines>
            </method>
          </methods>
          <lines>
            <line number="1" hits="0" branch="True" condition-coverage="0% (0/2)">
              <conditions>
                <condition number="98" type="jump" coverage="0%" />
              </conditions>
            </line>
            <line number="4" hits="0" branch="False" />
            <line number="6" hits="0" branch="False" />
          </lines>
        </class>
        <class name="TeaLauncher.Avalonia.Program" filename="TeaLauncher.Avalonia/Program.cs" line-rate="0" branch-rate="1" complexity="2">
          <methods>
            <method name="Main" signature="(System.String[])" line-rate="0" branch-rate="1" complexity="1">
              <lines>
                <line number="34" hits="0" branch="False" />
                <line number="36" hits="0" branch="False" />
                <line number="37" hits="0" branch="False" />
                <line number="38" hits="0" branch="False" />
                <line number="41" hits="0" branch="False" />
                <line number="43" hits="0" branch="False" />
                <line number="44" hits="0" branch="False" />
                <line number="45" hits="0" branch="False" />
              </lines>
            </method>
            <method name="BuildAvaloniaApp" signature="()" line-rate="0" branch-rate="1" complexity="1">
              <lines>
                <line number="49" hits="0" branch="False" />
                <line number="50" hits="0" branch="False" />
                <line number="51" hits="0" branch="False" />
                <line number="52" hits="0" branch="False" />
              </lines>
            </method>
          </methods>
          <lines>
            <line number="34" hits="0" branch="False" />
            <line number="36" hits="0" branch="False" />
            <line number="37" hits="0" branch="False" />
            <line number="38" hits="0" branch="False" />
            <line number="41" hits="0" branch="False" />
            <line number="43" hits="0" branch="False" />
            <line number="44" hits="0" branch="False" />
            <line number="45" hits="0" branch="False" />
            <line number="49" hits="0" branch="False" />
            <line number="50" hits="0" branch="False" />
            <line number="51" hits="0" branch="False" />
            <line number="52" hits="0" branch="False" />
          </lines>
        </class>
        <class name="TeaLauncher.Avalonia.ServiceConfiguration" filename="TeaLauncher.Avalonia/ServiceConfiguration.cs" line-rate="0" branch-rate="1" complexity="1">
          <methods>
            <method name="ConfigureServices" signature="(Microsoft.Extensions.DependencyInjection.IServiceCollection)" line-rate="0" branch-rate="1" complexity="1">
              <lines>
                <line number="46" hits="0" branch="False" />
                <line number="48" hits="0" branch="False" />
                <line number="49" hits="0" branch="False" />
                <line number="50" hits="0" branch="False" />
                <line number="53" hits="0" branch="False" />
                <line number="56" hits="0" branch="False" />
                <line number="57" hits="0" branch="False" />
                <line number="61" hits="0" branch="False" />
                <line number="62" hits="0" branch="False" />
                <line number="65" hits="0" branch="False" />
                <line number="67" hits="0" branch="False" />
                <line number="68" hits="0" branch="False" />
              </lines>
            </method>
          </methods>
          <lines>
            <line number="46" hits="0" branch="False" />
            <line number="48" hits="0" branch="False" />
            <line number="49" hits="0" branch="False" />
            <line number="50" hits="0" branch="False" />
            <line number="53" hits="0" branch="False" />
            <line number="56" hits="0" branch="False" />
            <line number="57" hits="0" branch="False" />
            <line number="61" hits="0" branch="False" />
            <line number="62" hits="0" branch="False" />
            <line number="65" hits="0" branch="False" />
            <line number="67" hits="0" branch="False" />
            <line number="68" hits="0" branch="False" />
          </lines>
        </class>
        <class name="TeaLauncher.Avalonia.Views.MainWindow" filename="TeaLauncher.Avalonia/Views/MainWindow.axaml.cs" line-rate="0.6503" branch-rate="0.6129" complexity="76">
          <methods>
            <method name="InitializeComponent" signature="()" line-rate="1" branch-rate="1" complexity="1">
              <lines>
                <line number="119" hits="19" branch="False" />
                <line number="120" hits="19" branch="False" />
                <line number="121" hits="19" branch="False" />
              </lines>
            </method>
            <method name="InitializeControls" signature="()" line-rate="1" branch-rate="1" complexity="2">
              <lines>
                <line number="124" hits="19" branch="False" />
                <line number="125" hits="19" branch="False" />
                <line number="127" hits="19" branch="True" condition-coverage="100% (2/2)">
                  <conditions>
                    <condition number="29" type="jump" coverage="100%" />
                  </conditions>
                </line>
                <line number="128" hits="19" branch="False" />
                <line number="130" hits="19" branch="False" />
                <line number="133" hits="19" branch="False" />
                <line number="134" hits="6" branch="False" />
                <line number="135" hits="19" branch="False" />
                <line number="136" hits="6" branch="False" />
                <line number="137" hits="25" branch="False" />
                <line number="138" hits="19" branch="False" />
                <line number="139" hits="19" branch="False" />
              </lines>
            </method>
            <method name="InitializeConfiguration" signature="()" line-rate="0.5555" branch-rate="1" complexity="1">
              <lines>
                <line number="142" hits="19" branch="False" />
                <line number="144" hits="19" branch="False" />
                <line number="145" hits="19" branch="False" />
                <line number="146" hits="19" branch="False" />
                <line number="147" hits="0" branch="False" />
                <line number="148" hits="0" branch="False" />
                <line number="149" hits="0" branch="False" />
                <line number="150" hits="0" branch="False" />
                <line number="151" hits="19" branch="False" />
              </lines>
            </method>
            <method name="InitializeHotkey" signature="()" line-rate="0.7777" branch-rate="1" complexity="1">
              <lines>
                <line number="154" hits="19" branch="False" />
                <line number="157" hits="19" branch="False" />
                <line number="159" hits="19" branch="False" />
                <line number="160" hits="19" branch="False" />
                <line number="161" hits="19" branch="False" />
                <line number="162" hits="19" branch="False" />
                <line number="163" hits="19" branch="False" />
                <line number="164" hits="19" branch="False" />
                <line number="165" hits="19" branch="False" />
                <line number="166" hits="0" branch="False" />
                <line number="167" hits="19" branch="False" />
                <line number="168" hits="19" branch="False" />
                <line number="169" hits="19" branch="False" />
                <line number="170" hits="19" branch="False" />
                <line number="171" hits="19" branch="False" />
                <line number="172" hits="0" branch="False" />
                <line number="173" hits="19" branch="False" />
                <line number="174" hits="19" branch="False" />
                <line number="175" hits="19" branch="False" />
                <line number="176" hits="19" branch="False" />
                <line number="177" hits="38" branch="False" />
                <line number="178" hits="19" branch="False" />
                <line number="179" hits="0" branch="False" />
                <line number="180" hits="0" branch="False" />
                <line number="181" hits="0" branch="False" />
                <line number="182" hits="0" branch="False" />
                <line number="184" hits="19" branch="False" />
              </lines>
            </method>
            <method name="LoadConfigFile" signature="(System.String)" line-rate="1" branch-rate="1" complexity="2">
              <lines>
                <line number="187" hits="23" branch="False" />
                <line number="188" hits="23" branch="False" />
                <line number="189" hits="23" branch="False" />
                <line number="191" hits="23" branch="False" />
                <line number="193" hits="356" branch="True" condition-coverage="100% (2/2)">
                  <conditions>
                    <condition number="108" type="jump" coverage="100%" />
                  </conditions>
                </line>
                <line number="194" hits="145" branch="False" />
                <line number="195" hits="145" branch="False" />
                <line number="196" hits="145" branch="False" />
                <line number="197" hits="145" branch="False" />
                <line number="198" hits="145" branch="False" />
                <line number="199" hits="145" branch="False" />
                <line number="200" hits="145" branch="False" />
                <line number="201" hits="145" branch="False" />
                <line number="202" hits="22" branch="False" />
              </lines>
            </method>
            <method name="CommandBox_KeyDown" signature="(System.Object,Avalonia.Input.KeyEventArgs)" line-rate="1" branch-rate="1" complexity="6">
              <lines>
                <line number="205" hits="13" branch="False" />
                <line number="206" hits="13" branch="True" condition-coverage="100% (6/6)">
                  <conditions>
                    <condition number="12" type="jump" coverage="100%" />
                    <condition number="18" type="jump" coverage="100%" />
                    <condition number="25" type="jump" coverage="100%" />
                  </conditions>
                </line>
                <line number="209" hits="2" branch="False" />
                <line number="210" hits="2" branch="False" />
                <line number="211" hits="2" branch="False" />
                <line number="214" hits="9" branch="False" />
                <line number="215" hits="9" branch="False" />
                <line number="216" hits="9" branch="False" />
                <line number="219" hits="2" branch="False" />
                <line number="220" hits="2" branch="False" />
                <line number="221" hits="2" branch="False" />
                <line number="223" hits="13" branch="False" />
              </lines>
            </method>
            <method name="CompleteCommand" signature="()" line-rate="0.6388" branch-rate="0.7" complexity="10">
              <lines>
                <line number="226" hits="2" branch="False" />
                <line number="227" hits="2" branch="True" condition-coverage="100% (2/2)">
                  <conditions>
                    <condition number="12" type="jump" coverage="100%" />
                  </conditions>
                </line>
                <line number="228" hits="0" branch="False" />
                <line number="230" hits="2" branch="True" condition-coverage="50% (1/2)">
                  <conditions>
                    <condition number="31" type="jump" coverage="50%" />
                  </conditions>
                </line>
                <line number="231" hits="2" branch="False" />
                <line number="232" hits="2" branch="False" />
                <line number="234" hits="2" branch="True" condition-coverage="50% (1/2)">
                  <conditions>
                    <condition number="79" type="jump" coverage="50%" />
                  </conditions>
                </line>
                <line number="235" hits="2" branch="False" />
                <line number="237" hits="2" branch="False" />
                <line number="240" hits="2" branch="True" condition-coverage="50% (1/2)">
                  <conditions>
                    <condition number="114" type="jump" coverage="50%" />
                  </conditions>
                </line>
                <line number="241" hits="2" branch="False" />
                <line number="242" hits="2" branch="False" />
                <line number="243" hits="2" branch="False" />
                <line number="244" hits="2" branch="False" />
                <line number="246" hits="0" branch="False" />
                <line number="248" hits="0" branch="False" />
                <line number="249" hits="0" branch="False" />
                <line number="250" hits="0" branch="False" />
                <line number="253" hits="2" branch="True" condition-coverage="100% (2/2)">
                  <conditions>
                    <condition number="192" type="jump" coverage="100%" />
                  </conditions>
                </line>
                <line number="254" hits="2" branch="False" />
                <line number="256" hits="2" branch="False" />
                <line number="257" hits="2" branch="False" />
                <line number="258" hits="2" branch="False" />
                <line number="259" hits="2" branch="False" />
                <line number="260" hits="0" branch="False" />
                <line number="261" hits="0" branch="False" />
                <line number="262" hits="0" branch="False" />
                <line number="263" hits="0" branch="False" />
                <line number="264" hits="4" branch="False" />
                <line number="265" hits="2" branch="False" />
                <line number="266" hits="2" branch="False" />
                <line number="268" hits="0" branch="False" />
                <line number="270" hits="0" branch="False" />
                <line number="271" hits="0" branch="False" />
                <line number="272" hits="0" branch="False" />
                <line number="273" hits="2" branch="False" />
              </lines>
            </method>
            <method name="FindTextBoxInAutoCompleteBox" signature="(Avalonia.Controls.AutoCompleteBox)" line-rate="1" branch-rate="1" complexity="1">
              <lines>
                <line number="276" hits="2" branch="False" />
                <line number="278" hits="2" branch="False" />
                <line number="279" hits="2" branch="False" />
                <line number="280" hits="2" branch="False" />
                <line number="281" hits="2" branch="False" />
              </lines>
            </method>
            <method name="ExecuteCommand" signature="()" line-rate="0.7" branch-rate="0.875" complexity="8">
              <lines>
                <line number="284" hits="9" branch="False" />
                <line number="285" hits="9" branch="True" condition-coverage="100% (2/2)">
                  <conditions>
                    <condition number="12" type="jump" coverage="100%" />
                  </conditions>
                </line>
                <line number="286" hits="0" branch="False" />
                <line number="288" hits="9" branch="True" condition-coverage="50% (1/2)">
                  <conditions>
                    <condition number="31" type="jump" coverage="50%" />
                  </conditions>
                </line>
                <line number="290" hits="9" branch="True" condition-coverage="100% (2/2)">
                  <conditions>
                    <condition number="48" type="jump" coverage="100%" />
                  </conditions>
                </line>
                <line number="291" hits="0" branch="False" />
                <line number="293" hits="9" branch="True" condition-coverage="100% (2/2)">
                  <conditions>
                    <condition number="66" type="jump" coverage="100%" />
                  </conditions>
                </line>
                <line number="294" hits="7" branch="False" />
                <line number="295" hits="7" branch="False" />
                <line number="297" hits="7" branch="False" />
                <line number="298" hits="7" branch="False" />
                <line number="301" hits="7" branch="False" />
                <line number="302" hits="7" branch="False" />
                <line number="303" hits="7" branch="False" />
                <line number="304" hits="0" branch="False" />
                <line number="305" hits="0" branch="False" />
                <line number="306" hits="0" branch="False" />
                <line number="307" hits="0" branch="False" />
                <line number="308" hits="7" branch="False" />
                <line number="309" hits="9" branch="False" />
              </lines>
            </method>
            <method name="HandleEscape" signature="()" line-rate="0.909" branch-rate="1" complexity="4">
              <lines>
                <line number="312" hits="2" branch="False" />
                <line number="313" hits="2" branch="True" condition-coverage="100% (2/2)">
                  <conditions>
                    <condition number="12" type="jump" coverage="100%" />
                  </conditions>
                </line>
                <line number="314" hits="0" branch="False" />
                <line number="316" hits="2" branch="True" condition-coverage="100% (2/2)">
                  <conditions>
                    <condition number="37" type="jump" coverage="100%" />
                  </conditions>
                </line>
                <line number="317" hits="1" branch="False" />
                <line number="319" hits="1" branch="False" />
                <line number="320" hits="1" branch="False" />
                <line number="322" hits="1" branch="False" />
                <line number="324" hits="1" branch="False" />
                <line number="325" hits="1" branch="False" />
                <line number="326" hits="2" branch="False" />
              </lines>
            </method>
            <method name="ClearCommandBox" signature="()" line-rate="0.8571" branch-rate="1" complexity="2">
              <lines>
                <line number="329" hits="32" branch="False" />
                <line number="330" hits="32" branch="True" condition-coverage="100% (2/2)">
                  <conditions>
                    <condition number="12" type="jump" coverage="100%" />
                  </conditions>
                </line>
                <line number="331" hits="0" branch="False" />
                <line number="333" hits="32" branch="False" />
                <line number="334" hits="32" branch="False" />
                <line number="335" hits="32" branch="False" />
                <line number="336" hits="32" branch="False" />
              </lines>
            </method>
            <method name="ShowWindow" signature="()" line-rate="0" branch-rate="0" complexity="8">
              <lines>
                <line number="339" hits="0" branch="False" />
                <line number="342" hits="0" branch="True" condition-coverage="0% (0/2)">
                  <conditions>
                    <condition number="12" type="jump" coverage="0%" />
                  </conditions>
                </line>
                <line number="343" hits="0" branch="False" />
                <line number="344" hits="0" branch="True" condition-coverage="0% (0/2)">
                  <conditions>
                    <condition number="22" type="jump" coverage="0%" />
                  </conditions>
                </line>
                <line number="345" hits="0" branch="True" condition-coverage="0% (0/2)">
                  <conditions>
                    <condition number="51" type="jump" coverage="0%" />
                  </conditions>
                </line>
                <line number="346" hits="0" branch="False" />
                <line number="347" hits="0" branch="False" />
                <line number="348" hits="0" branch="False" />
                <line number="349" hits="0" branch="False" />
                <line number="351" hits="0" branch="True" condition-coverage="0% (0/2)">
                  <conditions>
                    <condition number="79" type="jump" coverage="0%" />
                  </conditions>
                </line>
                <line number="352" hits="0" branch="False" />
                <line number="354" hits="0" branch="False" />
                <line number="355" hits="0" branch="False" />
                <line number="356" hits="0" branch="False" />
                <line number="357" hits="0" branch="False" />
                <line number="358" hits="0" branch="False" />
                <line number="359" hits="0" branch="False" />
                <line number="360" hits="0" branch="False" />
                <line number="361" hits="0" branch="False" />
                <line number="362" hits="0" branch="False" />
                <line number="363" hits="0" branch="False" />
                <line number="366" hits="0" branch="False" />
                <line number="367" hits="0" branch="False" />
              </lines>
            </method>
            <method name="HideWindow" signature="()" line-rate="1" branch-rate="1" complexity="1">
              <lines>
                <line number="370" hits="24" branch="False" />
                <line number="371" hits="24" branch="False" />
                <line number="372" hits="24" branch="False" />
                <line number="373" hits="24" branch="False" />
              </lines>
            </method>
            <method name="IsWindowShown" signature="()" line-rate="0" branch-rate="1" complexity="1">
              <lines>
                <line number="376" hits="0" branch="False" />
                <line number="377" hits="0" branch="False" />
                <line number="378" hits="0" branch="False" />
              </lines>
            </method>
            <method name="Hotkey_Pressed" signature="(System.Object,System.EventArgs)" line-rate="0" branch-rate="1" complexity="1">
              <lines>
                <line number="382" hits="0" branch="False" />
                <line number="383" hits="0" branch="False" />
                <line number="384" hits="0" branch="False" />
                <line number="385" hits="0" branch="False" />
                <line number="386" hits="0" branch="False" />
                <line number="387" hits="0" branch="False" />
                <line number="388" hits="0" branch="False" />
                <line number="389" hits="0" branch="False" />
                <line number="390" hits="0" branch="False" />
                <line number="391" hits="0" branch="False" />
                <line number="392" hits="0" branch="False" />
                <line number="393" hits="0" branch="False" />
                <line number="394" hits="0" branch="False" />
                <line number="395" hits="0" branch="False" />
                <line number="396" hits="0" branch="False" />
                <line number="397" hits="0" branch="False" />
                <line number="398" hits="0" branch="False" />
                <line number="399" hits="0" branch="False" />
                <line number="400" hits="0" branch="False" />
                <line number="401" hits="0" branch="False" />
                <line number="402" hits="0" branch="False" />
                <line number="403" hits="0" branch="False" />
                <line number="404" hits="0" branch="False" />
                <line number="405" hits="0" branch="False" />
                <line number="406" hits="0" branch="False" />
                <line number="407" hits="0" branch="False" />
                <line number="408" hits="0" branch="False" />
              </lines>
            </method>
            <method name="Reinitialize" signature="()" line-rate="1" branch-rate="1" complexity="1">
              <lines>
                <line number="413" hits="4" branch="False" />
                <line number="415" hits="4" branch="False" />
                <line number="416" hits="4" branch="False" />
                <line number="417" hits="3" branch="False" />
                <line number="418" hits="1" branch="False" />
                <line number="419" hits="1" branch="False" />
                <line number="420" hits="1" branch="False" />
                <line number="421" hits="1" branch="False" />
                <line number="422" hits="4" branch="False" />
              </lines>
            </method>
            <method name="Exit" signature="()" line-rate="1" branch-rate="0.5" complexity="4">
              <lines>
                <line number="426" hits="1" branch="False" />
                <line number="428" hits="1" branch="True" condition-coverage="50% (1/2)">
                  <conditions>
                    <condition number="8" type="jump" coverage="50%" />
                  </conditions>
                </line>
                <line number="429" hits="1" branch="True" condition-coverage="50% (1/2)">
                  <conditions>
                    <condition number="26" type="jump" coverage="50%" />
                  </conditions>
                </line>
                <line number="431" hits="1" branch="False" />
                <line number="432" hits="1" branch="False" />
              </lines>
            </method>
            <method name="ShowVersionInfo" signature="()" line-rate="1" branch-rate="0.75" complexity="4">
              <lines>
                <line number="436" hits="1" branch="False" />
                <line number="440" hits="1" branch="True" condition-coverage="50% (1/2)">
                  <conditions>
                    <condition number="7" type="jump" coverage="50%" />
                  </conditions>
                </line>
                <line number="441" hits="1" branch="False" />
                <line number="444" hits="1" branch="False" />
                <line number="445" hits="1" branch="False" />
                <line number="447" hits="1" branch="False" />
                <line number="448" hits="1" branch="False" />
                <line number="449" hits="1" branch="False" />
                <line number="452" hits="1" branch="True" condition-coverage="100% (2/2)">
                  <conditions>
                    <condition number="69" type="jump" coverage="100%" />
                  </conditions>
                </line>
                <line number="453" hits="1" branch="False" />
              </lines>
            </method>
            <method name="ShowError" signature="(System.String)" line-rate="1" branch-rate="1" complexity="1">
              <lines>
                <line number="456" hits="21" branch="False" />
                <line number="458" hits="21" branch="False" />
                <line number="459" hits="21" branch="False" />
              </lines>
            </method>
            <method name="OnClosing" signature="(Avalonia.Controls.WindowClosingEventArgs)" line-rate="1" branch-rate="0.5" complexity="4">
              <lines>
                <line number="462" hits="5" branch="False" />
                <line number="463" hits="5" branch="False" />
                <line number="466" hits="5" branch="True" condition-coverage="50% (1/2)">
                  <conditions>
                    <condition number="16" type="jump" coverage="50%" />
                  </conditions>
                </line>
                <line number="467" hits="5" branch="True" condition-coverage="50% (1/2)">
                  <conditions>
                    <condition number="34" type="jump" coverage="50%" />
                  </conditions>
                </line>
                <line number="469" hits="5" branch="False" />
              </lines>
            </method>
            <method name="&lt;.ctor&gt;b__11_0" signature="(System.Object,System.EventArgs)" line-rate="1" branch-rate="1" complexity="1">
              <lines>
                <line number="115" hits="35" branch="False" />
              </lines>
            </method>
            <method name=".ctor" signature="()" line-rate="0" branch-rate="1" complexity="1">
              <lines>
                <line number="77" hits="0" branch="False" />
                <line number="78" hits="0" branch="False" />
                <line number="79" hits="0" branch="False" />
              </lines>
            </method>
            <method name=".ctor" signature="(System.String)" line-rate="0" branch-rate="1" complexity="1">
              <lines>
                <line number="85" hits="0" branch="False" />
                <line number="86" hits="0" branch="False" />
                <line number="87" hits="0" branch="False" />
              </lines>
            </method>
            <method name=".ctor" signature="(TeaLauncher.Avalonia.Domain.Interfaces.IDialogService)" line-rate="0" branch-rate="1" complexity="1">
              <lines>
                <line number="93" hits="0" branch="False" />
                <line number="94" hits="0" branch="False" />
                <line number="95" hits="0" branch="False" />
              </lines>
            </method>
            <method name=".ctor" signature="(System.String,TeaLauncher.Avalonia.Domain.Interfaces.IDialogService)" line-rate="1" branch-rate="1" complexity="1">
              <lines>
                <line number="102" hits="19" branch="False" />
                <line number="103" hits="19" branch="False" />
                <line number="104" hits="19" branch="False" />
                <line number="105" hits="19" branch="False" />
                <line number="106" hits="19" branch="False" />
                <line number="107" hits="19" branch="False" />
                <line number="109" hits="19" branch="False" />
                <line number="110" hits="19" branch="False" />
                <line number="111" hits="19" branch="False" />
                <line number="112" hits="19" branch="False" />
                <line number="116" hits="19" branch="False" />
              </lines>
            </method>
          </methods>
          <lines>
            <line number="119" hits="19" branch="False" />
            <line number="120" hits="19" branch="False" />
            <line number="121" hits="19" branch="False" />
            <line number="124" hits="19" branch="False" />
            <line number="125" hits="19" branch="False" />
            <line number="127" hits="19" branch="True" condition-coverage="100% (2/2)">
              <conditions>
                <condition number="29" type="jump" coverage="100%" />
              </conditions>
            </line>
            <line number="128" hits="19" branch="False" />
            <line number="130" hits="19" branch="False" />
            <line number="133" hits="19" branch="False" />
            <line number="134" hits="6" branch="False" />
            <line number="135" hits="19" branch="False" />
            <line number="136" hits="6" branch="False" />
            <line number="137" hits="25" branch="False" />
            <line number="138" hits="19" branch="False" />
            <line number="139" hits="19" branch="False" />
            <line number="142" hits="19" branch="False" />
[...]
            <line number="36" hits="56" branch="False" />
            <line number="42" hits="56" branch="False" />
            <line number="43" hits="56" branch="False" />
            <line number="44" hits="56" branch="True" condition-coverage="100% (2/2)">
              <conditions>
                <condition number="22" type="jump" coverage="100%" />
              </conditions>
            </line>
            <line number="45" hits="55" branch="False" />
          </lines>
        </class>
        <class name="TeaLauncher.Avalonia.Application.Orchestration.ApplicationOrchestrator" filename="TeaLauncher.Avalonia/Application/Orchestration/ApplicationOrchestrator.cs" line-rate="1" branch-rate="0.6875" complexity="16">
          <methods>
            <method name="GetVersion" signature="()" line-rate="1" branch-rate="0.375" complexity="8">
              <lines>
                <line number="177" hits="5" branch="False" />
                <line number="178" hits="5" branch="False" />
                <line number="179" hits="5" branch="False" />
                <line number="180" hits="5" branch="True" condition-coverage="50% (1/2)">
                  <conditions>
                    <condition number="31" type="jump" coverage="50%" />
                  </conditions>
                </line>
                <line number="181" hits="5" branch="False" />
                <line number="182" hits="5" branch="False" />
                <line number="184" hits="5" branch="True" condition-coverage="33.33% (2/6)">
                  <conditions>
                    <condition number="45" type="jump" coverage="50%" />
                    <condition number="49" type="jump" coverage="0%" />
                    <condition number="61" type="jump" coverage="50%" />
                  </conditions>
                </line>
                <line number="186" hits="5" branch="False" />
                <line number="187" hits="5" branch="False" />
              </lines>
            </method>
            <method name=".ctor" signature="(TeaLauncher.Avalonia.Domain.Interfaces.IConfigurationLoader,TeaLauncher.Avalonia.Domain.Interfaces.ICommandRegistry,TeaLauncher.Avalonia.Domain.Interfaces.ICommandExecutor,TeaLauncher.Avalonia.Domain.Interfaces.IHotkeyManager)" line-rate="1" branch-rate="1" complexity="8">
              <lines>
                <line number="51" hits="35" branch="False" />
                <line number="52" hits="35" branch="False" />
                <line number="53" hits="35" branch="False" />
                <line number="54" hits="35" branch="False" />
                <line number="55" hits="35" branch="False" />
                <line number="56" hits="35" branch="False" />
                <line number="57" hits="35" branch="True" condition-coverage="100% (2/2)">
                  <conditions>
                    <condition number="11" type="jump" coverage="100%" />
                  </conditions>
                </line>
                <line number="58" hits="34" branch="True" condition-coverage="100% (2/2)">
                  <conditions>
                    <condition number="33" type="jump" coverage="100%" />
                  </conditions>
                </line>
                <line number="59" hits="33" branch="True" condition-coverage="100% (2/2)">
                  <conditions>
                    <condition number="55" type="jump" coverage="100%" />
                  </conditions>
                </line>
                <line number="60" hits="32" branch="True" condition-coverage="100% (2/2)">
                  <conditions>
                    <condition number="78" type="jump" coverage="100%" />
                  </conditions>
                </line>
                <line number="61" hits="31" branch="False" />
              </lines>
            </method>
          </methods>
          <lines>
            <line number="177" hits="5" branch="False" />
            <line number="178" hits="5" branch="False" />
            <line number="179" hits="5" branch="False" />
            <line number="180" hits="5" branch="True" condition-coverage="50% (1/2)">
              <conditions>
                <condition number="31" type="jump" coverage="50%" />
              </conditions>
            </line>
            <line number="181" hits="5" branch="False" />
            <line number="182" hits="5" branch="False" />
            <line number="184" hits="5" branch="True" condition-coverage="33.33% (2/6)">
              <conditions>
                <condition number="45" type="jump" coverage="50%" />
                <condition number="49" type="jump" coverage="0%" />
                <condition number="61" type="jump" coverage="50%" />
              </conditions>
            </line>
            <line number="186" hits="5" branch="False" />
            <line number="187" hits="5" branch="False" />
            <line number="51" hits="35" branch="False" />
            <line number="52" hits="35" branch="False" />
            <line number="53" hits="35" branch="False" />
            <line number="54" hits="35" branch="False" />
            <line number="55" hits="35" branch="False" />
            <line number="56" hits="35" branch="False" />
            <line number="57" hits="35" branch="True" condition-coverage="100% (2/2)">
              <conditions>
                <condition number="11" type="jump" coverage="100%" />
              </conditions>
            </line>
            <line number="58" hits="34" branch="True" condition-coverage="100% (2/2)">
              <conditions>
                <condition number="33" type="jump" coverage="100%" />
              </conditions>
            </line>
            <line number="59" hits="33" branch="True" condition-coverage="100% (2/2)">
              <conditions>
                <condition number="55" type="jump" coverage="100%" />
              </conditions>
            </line>
            <line number="60" hits="32" branch="True" condition-coverage="100% (2/2)">
              <conditions>
                <condition number="78" type="jump" coverage="100%" />
              </conditions>
            </line>
            <line number="61" hits="31" branch="False" />
          </lines>
        </class>
        <class name="TeaLauncher.Avalonia.Application.Orchestration.ApplicationOrchestrator/&lt;HandleReloadAsync&gt;d__9" filename="TeaLauncher.Avalonia/Application/Orchestration/ApplicationOrchestrator.cs" line-rate="1" branch-rate="1" complexity="1">
          <methods>
            <method name="MoveNext" signature="()" line-rate="1" branch-rate="1" complexity="1">
              <lines>
                <line number="167" hits="3" branch="False" />
                <line number="168" hits="3" branch="False" />
                <line number="169" hits="3" branch="False" />
                <line number="170" hits="3" branch="False" />
              </lines>
            </method>
          </methods>
          <lines>
            <line number="167" hits="3" branch="False" />
            <line number="168" hits="3" branch="False" />
            <line number="169" hits="3" branch="False" />
            <line number="170" hits="3" branch="False" />
          </lines>
        </class>
        <class name="TeaLauncher.Avalonia.Application.Orchestration.ApplicationOrchestrator/&lt;HandleSpecialCommandAsync&gt;d__8" filename="TeaLauncher.Avalonia/Application/Orchestration/ApplicationOrchestrator.cs" line-rate="1" branch-rate="1" complexity="10">
          <methods>
            <method name="MoveNext" signature="()" line-rate="1" branch-rate="1" complexity="10">
              <lines>
                <line number="146" hits="11" branch="False" />
                <line number="147" hits="11" branch="True" condition-coverage="100% (2/2)">
                  <conditions>
                    <condition number="31" type="jump" coverage="100%" />
                  </conditions>
                </line>
                <line number="148" hits="2" branch="False" />
                <line number="150" hits="9" branch="True" condition-coverage="100% (2/2)">
                  <conditions>
                    <condition number="67" type="jump" coverage="100%" />
                  </conditions>
                </line>
                <line number="151" hits="1" branch="False" />
                <line number="153" hits="8" branch="True" condition-coverage="100% (6/6)">
                  <conditions>
                    <condition number="142" type="jump" coverage="100%" />
                    <condition number="156" type="jump" coverage="100%" />
                    <condition number="173" type="jump" coverage="100%" />
                  </conditions>
                </line>
                <line number="154" hits="8" branch="False" />
                <line number="155" hits="3" branch="False" />
                <line number="156" hits="2" branch="False" />
                <line number="157" hits="2" branch="False" />
                <line number="158" hits="1" branch="False" />
                <line number="159" hits="8" branch="False" />
                <line number="160" hits="5" branch="False" />
              </lines>
            </method>
          </methods>
          <lines>
            <line number="146" hits="11" branch="False" />
            <line number="147" hits="11" branch="True" condition-coverage="100% (2/2)">
              <conditions>
                <condition number="31" type="jump" coverage="100%" />
              </conditions>
            </line>
            <line number="148" hits="2" branch="False" />
            <line number="150" hits="9" branch="True" condition-coverage="100% (2/2)">
              <conditions>
                <condition number="67" type="jump" coverage="100%" />
              </conditions>
            </line>
            <line number="151" hits="1" branch="False" />
            <line number="153" hits="8" branch="True" condition-coverage="100% (6/6)">
              <conditions>
                <condition number="142" type="jump" coverage="100%" />
                <condition number="156" type="jump" coverage="100%" />
                <condition number="173" type="jump" coverage="100%" />
              </conditions>
            </line>
            <line number="154" hits="8" branch="False" />
            <line number="155" hits="3" branch="False" />
            <line number="156" hits="2" branch="False" />
            <line number="157" hits="2" branch="False" />
            <line number="158" hits="1" branch="False" />
            <line number="159" hits="8" branch="False" />
            <line number="160" hits="5" branch="False" />
          </lines>
        </class>
        <class name="TeaLauncher.Avalonia.Application.Orchestration.ApplicationOrchestrator/&lt;InitializeAsync&gt;d__6" filename="TeaLauncher.Avalonia/Application/Orchestration/ApplicationOrchestrator.cs" line-rate="1" branch-rate="1" complexity="4">
          <methods>
            <method name="MoveNext" signature="()" line-rate="1" branch-rate="1" complexity="4">
              <lines>
                <line number="71" hits="15" branch="False" />
                <line number="72" hits="15" branch="True" condition-coverage="100% (2/2)">
                  <conditions>
                    <condition number="28" type="jump" coverage="100%" />
                  </conditions>
                </line>
                <line number="73" hits="2" branch="False" />
                <line number="76" hits="13" branch="False" />
                <line number="77" hits="13" branch="False" />
                <line number="80" hits="13" branch="False" />
                <line number="83" hits="44" branch="True" condition-coverage="100% (2/2)">
                  <conditions>
                    <condition number="355" type="jump" coverage="100%" />
                  </conditions>
                </line>
                <line number="84" hits="7" branch="False" />
                <line number="86" hits="7" branch="False" />
                <line number="87" hits="7" branch="False" />
                <line number="88" hits="7" branch="False" />
                <line number="89" hits="7" branch="False" />
                <line number="90" hits="7" branch="False" />
                <line number="92" hits="7" branch="False" />
                <line number="93" hits="7" branch="False" />
                <line number="94" hits="10" branch="False" />
                <line number="95" hits="3" branch="False" />
                <line number="96" hits="3" branch="False" />
                <line number="97" hits="3" branch="False" />
                <line number="99" hits="10" branch="False" />
              </lines>
            </method>
          </methods>
          <lines>
            <line number="71" hits="15" branch="False" />
            <line number="72" hits="15" branch="True" condition-coverage="100% (2/2)">
              <conditions>
                <condition number="28" type="jump" coverage="100%" />
              </conditions>
            </line>
            <line number="73" hits="2" branch="False" />
            <line number="76" hits="13" branch="False" />
            <line number="77" hits="13" branch="False" />
            <line number="80" hits="13" branch="False" />
            <line number="83" hits="44" branch="True" condition-coverage="100% (2/2)">
              <conditions>
                <condition number="355" type="jump" coverage="100%" />
              </conditions>
            </line>
            <line number="84" hits="7" branch="False" />
            <line number="86" hits="7" branch="False" />
            <line number="87" hits="7" branch="False" />
            <line number="88" hits="7" branch="False" />
            <line number="89" hits="7" branch="False" />
            <line number="90" hits="7" branch="False" />
            <line number="92" hits="7" branch="False" />
            <line number="93" hits="7" branch="False" />
            <line number="94" hits="10" branch="False" />
            <line number="95" hits="3" branch="False" />
            <line number="96" hits="3" branch="False" />
            <line number="97" hits="3" branch="False" />
            <line number="99" hits="10" branch="False" />
          </lines>
        </class>
        <class name="TeaLauncher.Avalonia.Application.Orchestration.ApplicationOrchestrator/&lt;ReloadConfigurationAsync&gt;d__7" filename="TeaLauncher.Avalonia/Application/Orchestration/ApplicationOrchestrator.cs" line-rate="1" branch-rate="1" complexity="4">
          <methods>
            <method name="MoveNext" signature="()" line-rate="1" branch-rate="1" complexity="4">
              <lines>
                <line number="107" hits="8" branch="False" />
                <line number="108" hits="8" branch="True" condition-coverage="100% (2/2)">
                  <conditions>
                    <condition number="33" type="jump" coverage="100%" />
                  </conditions>
                </line>
                <line number="109" hits="1" branch="False" />
                <line number="112" hits="7" branch="False" />
                <line number="114" hits="7" branch="False" />
                <line number="117" hits="7" branch="False" />
                <line number="120" hits="27" branch="True" condition-coverage="100% (2/2)">
                  <conditions>
                    <condition number="360" type="jump" coverage="100%" />
                  </conditions>
                </line>
                <line number="121" hits="6" branch="False" />
                <line number="123" hits="6" branch="False" />
                <line number="124" hits="6" branch="False" />
                <line number="125" hits="6" branch="False" />
                <line number="126" hits="6" branch="False" />
                <line number="127" hits="6" branch="False" />
                <line number="129" hits="6" branch="False" />
                <line number="130" hits="6" branch="False" />
                <line number="131" hits="5" branch="False" />
                <line number="132" hits="2" branch="False" />
                <line number="133" hits="2" branch="False" />
                <line number="134" hits="2" branch="False" />
                <line number="136" hits="5" branch="False" />
              </lines>
            </method>
          </methods>
          <lines>
            <line number="107" hits="8" branch="False" />
            <line number="108" hits="8" branch="True" condition-coverage="100% (2/2)">
              <conditions>
                <condition number="33" type="jump" coverage="100%" />
              </conditions>
            </line>
            <line number="109" hits="1" branch="False" />
            <line number="112" hits="7" branch="False" />
            <line number="114" hits="7" branch="False" />
            <line number="117" hits="7" branch="False" />
            <line number="120" hits="27" branch="True" condition-coverage="100% (2/2)">
              <conditions>
                <condition number="360" type="jump" coverage="100%" />
              </conditions>
            </line>
            <line number="121" hits="6" branch="False" />
            <line number="123" hits="6" branch="False" />
            <line number="124" hits="6" branch="False" />
            <line number="125" hits="6" branch="False" />
            <line number="126" hits="6" branch="False" />
            <line number="127" hits="6" branch="False" />
            <line number="129" hits="6" branch="False" />
            <line number="130" hits="6" branch="False" />
            <line number="131" hits="5" branch="False" />
            <line number="132" hits="2" branch="False" />
            <line number="133" hits="2" branch="False" />
            <line number="134" hits="2" branch="False" />
            <line number="136" hits="5" branch="False" />
          </lines>
        </class>
        <class name="TeaLauncher.Avalonia.Application.Exceptions.ExitApplicationException" filename="TeaLauncher.Avalonia/Application/Exceptions/ExitApplicationException.cs" line-rate="0.3333" branch-rate="1" complexity="3">
          <methods>
            <method name=".ctor" signature="()" line-rate="0" branch-rate="1" complexity="1">
              <lines>
                <line number="34" hits="0" branch="False" />
                <line number="35" hits="0" branch="False" />
                <line number="36" hits="0" branch="False" />
              </lines>
            </method>
            <method name=".ctor" signature="(System.String)" line-rate="1" branch-rate="1" complexity="1">
              <lines>
                <line number="43" hits="2" branch="False" />
                <line number="44" hits="2" branch="False" />
                <line number="45" hits="2" branch="False" />
              </lines>
            </method>
            <method name=".ctor" signature="(System.String,System.Exception)" line-rate="0" branch-rate="1" complexity="1">
              <lines>
                <line number="53" hits="0" branch="False" />
                <line number="54" hits="0" branch="False" />
                <line number="55" hits="0" branch="False" />
              </lines>
            </method>
          </methods>
          <lines>
            <line number="34" hits="0" branch="False" />
            <line number="35" hits="0" branch="False" />
            <line number="36" hits="0" branch="False" />
            <line number="43" hits="2" branch="False" />
            <line number="44" hits="2" branch="False" />
            <line number="45" hits="2" branch="False" />
            <line number="53" hits="0" branch="False" />
            <line number="54" hits="0" branch="False" />
            <line number="55" hits="0" branch="False" />
          </lines>
        </class>
      </classes>
    </package>
  </packages>
</coverage>